<?xml version="1.0" encoding="UTF-8"?>
<!-- Generated by org.testng.reporters.JUnitReportReporter -->
<testsuite hostname="JING-PC" name="com.test.util.Test1" tests="1" failures="0" timestamp="5 Nov 2015 11:58:26 GMT" time="32.152" errors="0">
  <testcase name="testLogout" time="32.152" classname="com.test.util.Test1"/>
</testsuite> <!-- com.test.util.Test1 -->
